-------------------------------------------------------------------------------
Test set: com.milli.cache.controller.CacheControllerTest
-------------------------------------------------------------------------------
Tests run: 2, Failures: 0, Errors: 2, Skipped: 0, Time elapsed: 5.17 s <<< FAILURE! - in com.milli.cache.controller.CacheControllerTest
getKeyValue(com.milli.cache.controller.CacheControllerTest)  Time elapsed: 1.052 s  <<< ERROR!
org.springframework.web.client.ResourceAccessException: I/O error on GET request for "http://localhost:8080/api/v1/get/1": Connection refused: connect; nested exception is java.net.ConnectException: Connection refused: connect
	at com.milli.cache.controller.CacheControllerTest.getKeyValue(CacheControllerTest.java:72)
Caused by: java.net.ConnectException: Connection refused: connect
	at com.milli.cache.controller.CacheControllerTest.getKeyValue(CacheControllerTest.java:72)

putKeyValue(com.milli.cache.controller.CacheControllerTest)  Time elapsed: 1.01 s  <<< ERROR!
org.springframework.web.client.ResourceAccessException: I/O error on POST request for "http://localhost:8080/api/v1/put/1": Connection refused: connect; nested exception is java.net.ConnectException: Connection refused: connect
	at com.milli.cache.controller.CacheControllerTest.putKeyValue(CacheControllerTest.java:59)
Caused by: java.net.ConnectException: Connection refused: connect
	at com.milli.cache.controller.CacheControllerTest.putKeyValue(CacheControllerTest.java:59)

